<?xml version="1.0" encoding="UTF-8"?>
<!-- Generated by org.testng.reporters.JUnitReportReporter -->
<testsuite hostname="BLRCT-C02GK3Q9M.local" failures="0" tests="1" name="Test_Scripts.loginflow" time="2.993" errors="0" timestamp="2024-02-28T23:16:52 IST" skipped="0">
  <testcase classname="Test_Scripts.loginflow" name="Add" time="2.993"/>
</testsuite> <!-- Test_Scripts.loginflow -->
