<?xml version="1.0" encoding="UTF-8"?>
<!-- Generated by org.testng.reporters.JUnitReportReporter -->
<testsuite hostname="BLRCT-C02GK3Q9M.local" failures="0" tests="1" name="Test_Scripts.ONC_Nodes" time="6.260" errors="0" timestamp="2024-02-29T09:43:12 IST" skipped="0">
  <testcase classname="Test_Scripts.ONC_Nodes" name="Add" time="6.260">
    <system-out>
      <![CDATA[Nodes are present
Wallet Details are present]]>
    </system-out>
  </testcase> <!-- Add -->
  <system-out>
    <![CDATA[Nodes are present
Wallet Details are present]]>
  </system-out>
</testsuite> <!-- Test_Scripts.ONC_Nodes -->
