<?xml version="1.0" encoding="UTF-8"?>
<!-- Generated by org.testng.reporters.JUnitReportReporter -->
<testsuite hostname="BLRCT-C02GK3Q9M.local" failures="0" tests="1" name="Test_Scripts.ExistingUser" time="7.643" errors="0" timestamp="2024-02-29T22:12:46 IST" skipped="0">
  <testcase classname="Test_Scripts.ExistingUser" name="existing_user" time="7.643"/>
  <system-out>
    <![CDATA[Nodes are present
Wallet Details are present
Network name present
Wallet address is present
Nodes are present
SignUp done]]>
  </system-out>
</testsuite> <!-- Test_Scripts.ExistingUser -->
